512byte ->
/usr/bin/time -p ./ra  1  1024
real 1.28
user 0.00
sys 0.10

1k byte ->
/usr/bin/time -p ./ra  2  1024
real 1.33
user 0.00
sys 0.19

2k byte ->
/usr/bin/time -p ./ra  4  1024
real 1.29
user 0.00
sys 0.16

4k byte ->
/usr/bin/time -p ./ra  8  1024
real 1.48
user 0.00
sys 0.15

8k byte ->
/usr/bin/time -p ./ra  16 1024
real 1.42
user 0.00
sys 0.13

16k byte ->
/usr/bin/time -p ./ra  32 1024
real 1.49
user 0.00
sys 0.15

32k byte ->
/usr/bin/time -p ./ra  64 1024
real 1.85
user 0.00
sys 0.15

64k byte ->
/usr/bin/time -p ./ra  128 1024
real 2.94
user 0.00
sys 0.18

128k byte ->
/usr/bin/time -p ./ra  256 1024
real 4.23
user 0.00
sys 0.25

--------------------------------------------
vmstatのログ

 0  0      0 902520  90288 419836    0    0     0    32  375 2007 12  5 82  1
 0  1      0 902496  90288 419844    0    0     0   101  563 1819 12  7 67 14
procs -----------memory---------- ---swap-- -----io---- -system-- ----cpu----
 r  b   swpd   free   buff  cache   si   so    bi    bo   in   cs us sy id wa
 2  1      0 899132  90288 419844    0    0     0   378 1351 2299 32 19  0 49
 1  1      0 902116  90288 419844    0    0     0   697 1341 2204 22 12  0 66
 1  1      0 902240  90288 419844    0    0     0  1204 1396 2203 16 20  0 64
 1  1      0 902240  90288 419844    0    0     0  1844 1361 2174 18 17  0 65
 0  1      0 902116  90296 419844    0    0     0  2652 1201 2015 20 18  0 63
 1  1      0 902240  90296 419844    0    0     0  5396 1394 2267 22 17  0 61
 0  1      0 902240  90296 419844    0    0     0  7776 1327 2071 18 14  0 67
 0  1      0 902108  90296 419844    0    0     0  9288 1098 2161 23 23  0 55
 2  1      0 902232  90296 419844    0    0     0 15536 1249 1969 21 18  0 61
 2  1      0 902108  90304 419844    0    0     0 16832 1539 2011 23 18  0 59
 1  1      0 902232  90304 419844    0    0     0 22784 1450 1696 21 13  0 66
 1  0      0 902108  90304 419844    0    0     0 22976 1381 2210 20 12  0 68
 0  1      0 902232  90304 419844    0    0     0 25024 1388 1705 29 14  0 57
 1  0      0 901984  90304 419844    0    0     0 30464 1268 1928 19 15  0 66
 0  1      0 901984  90312 419844    0    0     0 28948 1267 1828 23 11  0 65
 1  1      0 901984  90312 419844    0    0     0 30976 1237 1845 16  8  0 76
 2  1      0 901992  90312 419844    0    0     0 30336  792 1327 19  9  0 72
 3  0      0 902512  90312 419844    0    0     0  8576  395 1560 19  5 57 19
 0  0      0 902512  90312 419844    0    0     0     0  293 1418 15  8 77  0



