CentOS VM での結果
----------------------------------------

512byte ->
/usr/bin/time -p ./ra  1  4096
real 2.22
user 0.00
sys 0.76

1k byte ->
/usr/bin/time -p ./ra  2  4096
real 2.70
user 0.00
sys 0.74

2k byte ->
/usr/bin/time -p ./ra  4  4096
real 3.14
user 0.00
sys 0.66

4k byte ->
/usr/bin/time -p ./ra  8  4096
real 3.03
user 0.01
sys 1.26

8k byte ->
/usr/bin/time -p ./ra  16 4096
real 2.92
user 0.02
sys 1.32

16k byte ->
/usr/bin/time -p ./ra  32 4096
real 3.06
user 0.00
sys 1.30

32k byte ->
/usr/bin/time -p ./ra  64 4096
real 3.47
user 0.01
sys 1.58

64k byte ->
/usr/bin/time -p ./ra  128 4096
real 4.83
user 0.01
sys 1.46

128k byte ->
/usr/bin/time -p ./ra  256 4096
real 8.69
user 0.01
sys 1.68

* vmstatのログ

 0  0      0 3432524 128756 339488    0    0     0     0  999   32  0  0 100  0  0
 0  1      0 3434608 128756 335992    0    0     0   519 2062 2136  0 15 68 18  0
 0  1      0 3438328 128756 332392    0    0     0  1056 3116 4252  0 18 50 32  0
 1  0      0 3439940 128756 330904    0    0     0  1204 2635 3262  0 19 51 30  0
 1  0      0 3440560 128756 330088    0    0     0  1520 2525 3082  0 21 50 30  0
 1  0      0 3440932 128756 329640    0    0     0  1482 2490 2987  1 20 50 29  0
 0  1      0 3441428 128756 329524    0    0     0  2544 2465 2980  0 23 50 27  0
 0  1      0 3441552 128756 329376    0    0     0  2554 2300 2577  0 16 50 33  0
 0  1      0 3441552 128756 329320    0    0     0  2584 2303 2623  0 12 50 38  0
 1  0      0 3441676 128756 329320    0    0     0  3840 2254 2491  0 18 50 32  0
 1  0      0 3441800 128756 329256    0    0     0  5168 2312 2635  0 24 50 26  0
 1  1      0 3441800 128756 329256    0    0     0  5760 2468 2899  0 28 50 22  0
 1  1      0 3441800 128756 329252    0    0     0  8300 2398 2813  0 31 50 19  0
 1  1      0 3441800 128756 329252    0    0     0 11456 2485 2931  0 32 50 18  0
procs -----------memory---------- ---swap-- -----io---- --system-- -----cpu------
 r  b   swpd   free   buff  cache   si   so    bi    bo   in   cs us sy id wa st
 2  1      0 3441800 128756 329248    0    0     0 11396 2440 2886  0 29 50 21  0
 1  1      0 3441800 128756 329248    0    0     0 17672 2419 2830  1 22 50 28  0
 1  1      0 3441800 128756 329248    0    0     0 20616 2298 2654  0 25 50 25  0
 0  1      0 3441800 128756 329248    0    0     0 21376 2386 2740  1 30 50 20  0
 1  1      0 3441924 128756 329248    0    0     0 30802 2328 2663  0 28 50 21  0
 1  1      0 3441924 128756 329248    0    0     0 38176 2273 2475  0 27 50 23  0
 1  1      0 3441924 128756 329248    0    0     0 38880 2284 2534  0 26 50 24  0
 0  1      0 3441924 128756 329248    0    0     0 37353 2195 2333  0 33 50 18  0
 1  1      0 3441924 128756 329248    0    0     0 53824 1915 1799  0 24 50 26  0
 1  0      0 3441924 128756 329248    0    0     0 53642 1931 1777  1 17 50 33  0
 0  1      0 3441924 128756 329248    0    0     0 53814 1957 1841  0 17 50 34  0
 1  1      0 3441924 128756 329248    0    0     0 54272 1963 1830  0 22 50 28  0
 0  1      0 3442048 128756 329248    0    0     0 57480 1859 1699  1 18 50 32  0
 0  1      0 3442048 128756 329248    0    0     0 61441 1610 1158  0 18 50 32  0
 0  1      0 3442048 128756 329248    0    0     0 62720 1584 1134  0 20 50 31  0
 0  1      0 3442048 128756 329248    0    0     0 60416 1585 1109  0 12 50 38  0
 0  1      0 3442172 128756 329248    0    0     0 60032 1543 1072  0 12 50 37  0
 0  1      0 3442172 128756 329248    0    0     0 60104 1592 1125  0 12 50 38  0
 1  1      0 3442172 128756 329248    0    0     0 56448 1519 1031  0 11 51 38  0
 0  1      0 3442172 128756 329248    0    0     0 61952 1583 1106  0 15 50 35  0
 0  1      0 3442172 128756 329248    0    0     0 60544 1522 1045  0 10 50 41  0
 1  0      0 3442568 128756 329248    0    0     0 26112 1273  508  0  5 78 17  0
 0  0      0 3442568 128756 329248    0    0     0    24 1009   40  0  0 100  0  0